<?xml version="1.0" encoding="UTF-8"?>
<!-- Generated by org.testng.reporters.JUnitReportReporter -->
<testsuite hostname="RITU" failures="0" tests="1" name="test.forgotuser" time="11.982" errors="0" timestamp="2022-07-31T18:13:43 IST" skipped="0">
  <testcase classname="test.forgotuser" name="clickOnForgotPass" time="11.982"/>
  <system-out/>
</testsuite> <!-- test.forgotuser -->
