<?xml version="1.0" encoding="UTF-8"?>
<!-- Generated by org.testng.reporters.JUnitReportReporter -->
<testsuite hostname="RITU" failures="0" tests="1" name="test.ZerodhaLogin" time="11.255" errors="0" timestamp="2022-07-29T11:57:38 IST" skipped="0">
  <testcase classname="test.ZerodhaLogin" name="Login_with_valid_userID_and_valid_password" time="11.255"/>
  <system-out/>
</testsuite> <!-- test.ZerodhaLogin -->
