<?xml version="1.0" encoding="UTF-8"?>
<!-- Generated by org.testng.reporters.JUnitReportReporter -->
<testsuite hostname="RITU" failures="0" tests="1" name="test.ZerodhaSignUp" time="9.109" errors="0" timestamp="2022-08-07T21:08:55 IST" skipped="0">
  <testcase classname="test.ZerodhaSignUp" name="openSignupPage" time="9.109"/>
  <system-out/>
</testsuite> <!-- test.ZerodhaSignUp -->
