<?xml version="1.0" encoding="UTF-8"?>
<!-- Generated by org.testng.reporters.JUnitReportReporter -->
<testsuite hostname="RITU" failures="0" tests="1" name="test.LoginPageTest" time="0.011" errors="0" timestamp="2022-07-16T14:44:59 IST" skipped="0">
  <testcase classname="test.LoginPageTest" name="Login_With_Valid_UserID_And_Valid_Password" time="0.011"/>
  <system-out/>
</testsuite> <!-- test.LoginPageTest -->
