<?xml version="1.0" encoding="UTF-8"?>
<!-- Generated by org.testng.reporters.JUnitReportReporter -->
<testsuite hostname="RITU" failures="0" tests="2" name="test.ZerodhaHomePage" time="15.859" errors="0" timestamp="2022-07-26T01:43:09 IST" skipped="1">
  <testcase classname="test.ZerodhaHomePage" name="homepage" time="15.859"/>
  <system-out/>
  <testcase classname="test.ZerodhaHomePage" name="checkwatchlist">
    <skipped/>
  </testcase> <!-- checkwatchlist -->
  <system-out/>
</testsuite> <!-- test.ZerodhaHomePage -->
